\BOOKMARK [0][-]{chapter*.4}{\376\377\000T\000h\000e\000\040\000C\000o\000o\000r\000d\000i\000n\000a\000t\000e\000s\000\040\000o\000f\000\040\000P\000o\000i\000n\000t\000s\000\040\000o\000n\000\040\000a\000\040\000L\000i\000n\000e}{}% 1
\BOOKMARK [0][-]{chapter*.5}{\376\377\000O\000n\000\040\000t\000h\000e\000\040\000U\000s\000e\000\040\000o\000f\000\040\000t\000h\000e\000\040\000t\000u\000f\000t\000e\000-\000b\000o\000o\000k\000\040\000D\000o\000c\000u\000m\000e\000n\000t\000\040\000C\000l\000a\000s\000s}{}% 2
\BOOKMARK [1][-]{section*.6}{\376\377\000P\000a\000g\000e\000\040\000L\000a\000y\000o\000u\000t}{chapter*.5}% 3
\BOOKMARK [1][-]{section*.8}{\376\377\000S\000i\000d\000e\000n\000o\000t\000e\000s}{chapter*.5}% 4
\BOOKMARK [1][-]{section*.9}{\376\377\000R\000e\000f\000e\000r\000e\000n\000c\000e\000s}{chapter*.5}% 5
\BOOKMARK [1][-]{section*.10}{\376\377\000F\000i\000g\000u\000r\000e\000s\000\040\000a\000n\000d\000\040\000T\000a\000b\000l\000e\000s}{chapter*.5}% 6
\BOOKMARK [1][-]{section*.11}{\376\377\000C\000a\000p\000t\000i\000o\000n\000s}{chapter*.5}% 7
\BOOKMARK [1][-]{section*.14}{\376\377\000F\000u\000l\000l\000-\000w\000i\000d\000t\000h\000\040\000t\000e\000x\000t\000\040\000b\000l\000o\000c\000k\000s}{chapter*.5}% 8
\BOOKMARK [1][-]{section*.15}{\376\377\000T\000y\000p\000o\000g\000r\000a\000p\000h\000y}{chapter*.5}% 9
\BOOKMARK [1][-]{section*.18}{\376\377\000D\000o\000c\000u\000m\000e\000n\000t\000\040\000C\000l\000a\000s\000s\000\040\000O\000p\000t\000i\000o\000n\000s}{chapter*.5}% 10
\BOOKMARK [0][-]{chapter*.19}{\376\377\000C\000u\000s\000t\000o\000m\000i\000z\000i\000n\000g\000\040\000T\000u\000f\000t\000e\000-\000L\000a\000T\000e\000X}{}% 11
\BOOKMARK [1][-]{section*.20}{\376\377\000F\000i\000l\000e\000\040\000H\000o\000o\000k\000s}{chapter*.19}% 12
\BOOKMARK [1][-]{section*.21}{\376\377\000N\000u\000m\000b\000e\000r\000e\000d\000\040\000S\000e\000c\000t\000i\000o\000n\000\040\000H\000e\000a\000d\000i\000n\000g\000s}{chapter*.19}% 13
\BOOKMARK [1][-]{section*.22}{\376\377\000C\000h\000a\000n\000g\000i\000n\000g\000\040\000t\000h\000e\000\040\000P\000a\000p\000e\000r\000\040\000S\000i\000z\000e}{chapter*.19}% 14
\BOOKMARK [1][-]{section*.23}{\376\377\000C\000u\000s\000t\000o\000m\000i\000z\000i\000n\000g\000\040\000M\000a\000r\000g\000i\000n\000a\000l\000\040\000M\000a\000t\000e\000r\000i\000a\000l}{chapter*.19}% 15
\BOOKMARK [0][-]{chapter*.24}{\376\377\000C\000o\000m\000p\000a\000t\000i\000b\000i\000l\000i\000t\000y\000\040\000I\000s\000s\000u\000e\000s}{}% 16
\BOOKMARK [1][-]{section*.25}{\376\377\000C\000o\000n\000v\000e\000r\000t\000i\000n\000g\000\040\000f\000r\000o\000m\000\040\000a\000r\000t\000i\000c\000l\000e\000\040\000t\000o\000\040\000t\000u\000f\000t\000e\000-\000h\000a\000n\000d\000o\000u\000t}{chapter*.24}% 17
\BOOKMARK [1][-]{section*.26}{\376\377\000C\000o\000n\000v\000e\000r\000t\000i\000n\000g\000\040\000f\000r\000o\000m\000\040\000b\000o\000o\000k\000\040\000t\000o\000\040\000t\000u\000f\000t\000e\000-\000b\000o\000o\000k}{chapter*.24}% 18
\BOOKMARK [0][-]{chapter*.27}{\376\377\000T\000r\000o\000u\000b\000l\000e\000s\000h\000o\000o\000t\000i\000n\000g\000\040\000a\000n\000d\000\040\000S\000u\000p\000p\000o\000r\000t}{}% 19
\BOOKMARK [1][-]{section*.28}{\376\377\000T\000u\000f\000t\000e\000-\000L\000a\000T\000e\000X\000\040\000W\000e\000b\000s\000i\000t\000e}{chapter*.27}% 20
\BOOKMARK [1][-]{section*.29}{\376\377\000T\000u\000f\000t\000e\000-\000L\000a\000T\000e\000X\000\040\000M\000a\000i\000l\000i\000n\000g\000\040\000L\000i\000s\000t\000s}{chapter*.27}% 21
\BOOKMARK [1][-]{section*.32}{\376\377\000G\000e\000t\000t\000i\000n\000g\000\040\000H\000e\000l\000p}{chapter*.27}% 22
\BOOKMARK [1][-]{section*.33}{\376\377\000E\000r\000r\000o\000r\000s\000,\000\040\000W\000a\000r\000n\000i\000n\000g\000s\000,\000\040\000a\000n\000d\000\040\000I\000n\000f\000o\000r\000m\000a\000t\000i\000o\000n\000a\000l\000\040\000M\000e\000s\000s\000a\000g\000e\000s}{chapter*.27}% 23
\BOOKMARK [1][-]{section*.34}{\376\377\000P\000a\000c\000k\000a\000g\000e\000\040\000D\000e\000p\000e\000n\000d\000e\000n\000c\000i\000e\000s}{chapter*.27}% 24
\BOOKMARK [0][-]{chapter*.35}{\376\377\000B\000i\000b\000l\000i\000o\000g\000r\000a\000p\000h\000y}{}% 25
\BOOKMARK [0][-]{chapter*.36}{\376\377\000I\000n\000d\000e\000x}{}% 26
